This file contains any messages produced by compilers while
running configure, to aid debugging if configure makes a mistake.

It was created by pkgsrc_applet configure 0.1, which was
generated by GNU Autoconf 2.67.  Invocation command line was

  $ ./configure --prefix=/usr/pkg

## --------- ##
## Platform. ##
## --------- ##

hostname = ToraboraServer
uname -m = i386
uname -r = 5.0.2
uname -s = NetBSD
uname -v = NetBSD 5.0.2 (GENERIC) #0: Sat Feb  6 17:53:27 UTC 2010  builds@b7.netbsd.org:/home/builds/ab/netbsd-5-0-2-RELEASE/i386/201002061851Z-obj/home/builds/ab/netbsd-5-0-2-RELEASE/src/sys/arch/i386/compile/GENERIC

/usr/bin/uname -p = i386
/bin/uname -X     = unknown

/bin/arch              = unknown
/usr/bin/arch -k       = unknown
/usr/convex/getsysinfo = unknown
/usr/bin/hostinfo      = unknown
/bin/machine           = unknown
/usr/bin/oslevel       = unknown
/bin/universe          = unknown

PATH: /home/haysmz/bin
PATH: /bin
PATH: /sbin
PATH: /usr/bin
PATH: /usr/sbin
PATH: /usr/X11R7/bin
PATH: /usr/X11R6/bin
PATH: /usr/pkg/bin
PATH: /usr/pkg/sbin
PATH: /usr/games
PATH: /usr/local/bin
PATH: /usr/local/sbin


## ----------- ##
## Core tests. ##
## ----------- ##

configure:1976: checking for a BSD-compatible install
configure:2044: result: /usr/bin/install -c
configure:2055: checking whether build environment is sane
configure:2105: result: yes
configure:2246: checking for a thread-safe mkdir -p
configure:2285: result: ./install-sh -c -d
configure:2298: checking for gawk
configure:2314: found /usr/pkg/bin/gawk
configure:2325: result: gawk
configure:2336: checking whether make sets $(MAKE)
configure:2358: result: yes
configure:2440: checking whether to enable maintainer-specific portions of Makefiles
configure:2449: result: no
configure:2475: checking for style of include used by make
configure:2503: result: GNU
configure:2573: checking for gcc
configure:2589: found /usr/bin/gcc
configure:2600: result: gcc
configure:2829: checking for C compiler version
configure:2838: gcc --version >&5
gcc (GCC) 4.1.3 20080704 prerelease (NetBSD nb2 20081120)
Copyright (C) 2006 Free Software Foundation, Inc.
This is free software; see the source for copying conditions.  There is NO
warranty; not even for MERCHANTABILITY or FITNESS FOR A PARTICULAR PURPOSE.

configure:2849: $? = 0
configure:2838: gcc -v >&5
Using built-in specs.
Target: i386--netbsdelf
Configured with: /usr/src/tools/gcc/../../gnu/dist/gcc4/configure --enable-long-long --disable-multilib --enable-threads --disable-symvers --build=x86_64-unknown-netbsd4.99.72 --host=i386--netbsdelf --target=i386--netbsdelf --enable-__cxa_atexit
Thread model: posix
gcc version 4.1.3 20080704 prerelease (NetBSD nb2 20081120)
configure:2849: $? = 0
configure:2838: gcc -V >&5
gcc: '-V' option must have argument
configure:2849: $? = 1
configure:2838: gcc -qversion >&5
gcc: unrecognized option '-qversion'
gcc: no input files
configure:2849: $? = 1
configure:2869: checking whether the C compiler works
configure:2891: gcc    conftest.c  >&5
configure:2895: $? = 0
configure:2943: result: yes
configure:2946: checking for C compiler default output file name
configure:2948: result: a.out
configure:2954: checking for suffix of executables
configure:2961: gcc -o conftest    conftest.c  >&5
configure:2965: $? = 0
configure:2987: result: 
configure:3009: checking whether we are cross compiling
configure:3017: gcc -o conftest    conftest.c  >&5
configure:3021: $? = 0
configure:3028: ./conftest
configure:3032: $? = 0
configure:3047: result: no
configure:3052: checking for suffix of object files
configure:3074: gcc -c   conftest.c >&5
configure:3078: $? = 0
configure:3099: result: o
configure:3103: checking whether we are using the GNU C compiler
configure:3122: gcc -c   conftest.c >&5
configure:3122: $? = 0
configure:3131: result: yes
configure:3140: checking whether gcc accepts -g
configure:3160: gcc -c -g  conftest.c >&5
configure:3160: $? = 0
configure:3201: result: yes
configure:3218: checking for gcc option to accept ISO C89
configure:3282: gcc  -c -g -O2  conftest.c >&5
configure:3282: $? = 0
configure:3295: result: none needed
configure:3317: checking dependency style of gcc
configure:3427: result: gcc3
configure:3444: checking for strerror in -lcposix
configure:3469: gcc -o conftest -g -O2   conftest.c -lcposix   >&5
ld: cannot find -lcposix
configure:3469: $? = 1
configure: failed program was:
| /* confdefs.h */
| #define PACKAGE_NAME "pkgsrc_applet"
| #define PACKAGE_TARNAME "pkgsrc_applet"
| #define PACKAGE_VERSION "0.1"
| #define PACKAGE_STRING "pkgsrc_applet 0.1"
| #define PACKAGE_BUGREPORT ""
| #define PACKAGE_URL ""
| #define PACKAGE "pkgsrc_applet"
| #define VERSION "0.1"
| /* end confdefs.h.  */
| 
| /* Override any GCC internal prototype to avoid an error.
|    Use char because int might match the return type of a GCC
|    builtin and then its argument prototype would still apply.  */
| #ifdef __cplusplus
| extern "C"
| #endif
| char strerror ();
| int
| main ()
| {
| return strerror ();
|   ;
|   return 0;
| }
configure:3478: result: no
configure:3534: checking for gcc
configure:3561: result: gcc
configure:3790: checking for C compiler version
configure:3799: gcc --version >&5
gcc (GCC) 4.1.3 20080704 prerelease (NetBSD nb2 20081120)
Copyright (C) 2006 Free Software Foundation, Inc.
This is free software; see the source for copying conditions.  There is NO
warranty; not even for MERCHANTABILITY or FITNESS FOR A PARTICULAR PURPOSE.

configure:3810: $? = 0
configure:3799: gcc -v >&5
Using built-in specs.
Target: i386--netbsdelf
Configured with: /usr/src/tools/gcc/../../gnu/dist/gcc4/configure --enable-long-long --disable-multilib --enable-threads --disable-symvers --build=x86_64-unknown-netbsd4.99.72 --host=i386--netbsdelf --target=i386--netbsdelf --enable-__cxa_atexit
Thread model: posix
gcc version 4.1.3 20080704 prerelease (NetBSD nb2 20081120)
configure:3810: $? = 0
configure:3799: gcc -V >&5
gcc: '-V' option must have argument
configure:3810: $? = 1
configure:3799: gcc -qversion >&5
gcc: unrecognized option '-qversion'
gcc: no input files
configure:3810: $? = 1
configure:3814: checking whether we are using the GNU C compiler
configure:3842: result: yes
configure:3851: checking whether gcc accepts -g
configure:3912: result: yes
configure:3929: checking for gcc option to accept ISO C89
configure:4006: result: none needed
configure:4028: checking dependency style of gcc
configure:4138: result: gcc3
configure:4201: checking for gcc
configure:4228: result: gcc
configure:4457: checking for C compiler version
configure:4466: gcc --version >&5
gcc (GCC) 4.1.3 20080704 prerelease (NetBSD nb2 20081120)
Copyright (C) 2006 Free Software Foundation, Inc.
This is free software; see the source for copying conditions.  There is NO
warranty; not even for MERCHANTABILITY or FITNESS FOR A PARTICULAR PURPOSE.

configure:4477: $? = 0
configure:4466: gcc -v >&5
Using built-in specs.
Target: i386--netbsdelf
Configured with: /usr/src/tools/gcc/../../gnu/dist/gcc4/configure --enable-long-long --disable-multilib --enable-threads --disable-symvers --build=x86_64-unknown-netbsd4.99.72 --host=i386--netbsdelf --target=i386--netbsdelf --enable-__cxa_atexit
Thread model: posix
gcc version 4.1.3 20080704 prerelease (NetBSD nb2 20081120)
configure:4477: $? = 0
configure:4466: gcc -V >&5
gcc: '-V' option must have argument
configure:4477: $? = 1
configure:4466: gcc -qversion >&5
gcc: unrecognized option '-qversion'
gcc: no input files
configure:4477: $? = 1
configure:4481: checking whether we are using the GNU C compiler
configure:4509: result: yes
configure:4518: checking whether gcc accepts -g
configure:4579: result: yes
configure:4596: checking for gcc option to accept ISO C89
configure:4673: result: none needed
configure:4695: checking dependency style of gcc
configure:4805: result: gcc3
configure:4828: checking how to run the C preprocessor
configure:4859: gcc -E  conftest.c
configure:4859: $? = 0
configure:4873: gcc -E  conftest.c
conftest.c:11:28: error: ac_nonexistent.h: No such file or directory
configure:4873: $? = 1
configure: failed program was:
| /* confdefs.h */
| #define PACKAGE_NAME "pkgsrc_applet"
| #define PACKAGE_TARNAME "pkgsrc_applet"
| #define PACKAGE_VERSION "0.1"
| #define PACKAGE_STRING "pkgsrc_applet 0.1"
| #define PACKAGE_BUGREPORT ""
| #define PACKAGE_URL ""
| #define PACKAGE "pkgsrc_applet"
| #define VERSION "0.1"
| /* end confdefs.h.  */
| #include <ac_nonexistent.h>
configure:4898: result: gcc -E
configure:4918: gcc -E  conftest.c
configure:4918: $? = 0
configure:4932: gcc -E  conftest.c
conftest.c:11:28: error: ac_nonexistent.h: No such file or directory
configure:4932: $? = 1
configure: failed program was:
| /* confdefs.h */
| #define PACKAGE_NAME "pkgsrc_applet"
| #define PACKAGE_TARNAME "pkgsrc_applet"
| #define PACKAGE_VERSION "0.1"
| #define PACKAGE_STRING "pkgsrc_applet 0.1"
| #define PACKAGE_BUGREPORT ""
| #define PACKAGE_URL ""
| #define PACKAGE "pkgsrc_applet"
| #define VERSION "0.1"
| /* end confdefs.h.  */
| #include <ac_nonexistent.h>
configure:4961: checking for grep that handles long lines and -e
configure:5019: result: /usr/bin/grep
configure:5024: checking for egrep
configure:5086: result: /usr/bin/grep -E
configure:5091: checking for ANSI C header files
configure:5111: gcc -c -g -O2  conftest.c >&5
configure:5111: $? = 0
configure:5184: gcc -o conftest -g -O2   conftest.c  >&5
configure:5184: $? = 0
configure:5184: ./conftest
configure:5184: $? = 0
configure:5195: result: yes
configure:5236: checking for a Python interpreter with version >= 2.6
configure:5253: python -c import sys # split strings by '.' and convert to numeric. Append some zeros # because we need at least 4 digits for the hex conversion. # map returns an iterator in Python 3.0 and a list in 2.x minver = list(map(int, '2.6'.split('.'))) + [0, 0, 0] minverhex = 0 # xrange is not present in Python 3.0 and range returns an iterator for i in list(range(0, 4)): minverhex = (minverhex << 8) + minver[i] sys.exit(sys.hexversion < minverhex)
configure:5256: $? = 0
configure:5262: result: python
configure:5270: checking for python
configure:5288: found /usr/pkg/bin/python
configure:5300: result: /usr/pkg/bin/python
configure:5318: checking for python version
configure:5325: result: 2.6
configure:5337: checking for python platform
configure:5344: result: netbsd5
configure:5351: checking for python script directory
configure:5380: result: ${prefix}/lib/python2.6/site-packages
configure:5389: checking for python extension module directory
configure:5418: result: ${exec_prefix}/lib/python2.6/site-packages
configure:5484: checking for pkg-config
configure:5502: found /usr/pkg/bin/pkg-config
configure:5514: result: /usr/pkg/bin/pkg-config
configure:5539: checking pkg-config is at least version 0.9.0
configure:5542: result: yes
configure:5553: checking for PKGSRC_APPLET
configure:5560: $PKG_CONFIG --exists --print-errors "pygtk-2.0               >= 2.10
    pygobject-2.0           >= 2.10
    gnome-python-2.0        >= 2.10
"
configure:5569: $? = 0
configure:5585: $PKG_CONFIG --exists --print-errors "pygtk-2.0               >= 2.10
    pygobject-2.0           >= 2.10
    gnome-python-2.0        >= 2.10
"
configure:5594: $? = 0
configure:5660: result: yes
configure:5670: checking whether ln -s works
configure:5674: result: yes
configure:5684: checking gnome-doc-utils >= 0.3.2
configure:5687: $PKG_CONFIG --exists --print-errors "gnome-doc-utils >= $gdu_cv_version_required"
configure:5690: $? = 0
configure:5698: result: yes
configure:5948: creating ./config.status

## ---------------------- ##
## Running config.status. ##
## ---------------------- ##

This file was extended by pkgsrc_applet config.status 0.1, which was
generated by GNU Autoconf 2.67.  Invocation command line was

  CONFIG_FILES    = 
  CONFIG_HEADERS  = 
  CONFIG_LINKS    = 
  CONFIG_COMMANDS = 
  $ ./config.status 

on ToraboraServer

config.status:807: creating Makefile
config.status:807: creating src/Makefile
config.status:978: executing depfiles commands

## ---------------- ##
## Cache variables. ##
## ---------------- ##

ac_cv_c_compiler_gnu=yes
ac_cv_env_CC_set=
ac_cv_env_CC_value=
ac_cv_env_CFLAGS_set=
ac_cv_env_CFLAGS_value=
ac_cv_env_CPPFLAGS_set=
ac_cv_env_CPPFLAGS_value=
ac_cv_env_CPP_set=
ac_cv_env_CPP_value=
ac_cv_env_LDFLAGS_set=
ac_cv_env_LDFLAGS_value=
ac_cv_env_LIBS_set=
ac_cv_env_LIBS_value=
ac_cv_env_PKGSRC_APPLET_CFLAGS_set=
ac_cv_env_PKGSRC_APPLET_CFLAGS_value=
ac_cv_env_PKGSRC_APPLET_LIBS_set=
ac_cv_env_PKGSRC_APPLET_LIBS_value=
ac_cv_env_PKG_CONFIG_set=
ac_cv_env_PKG_CONFIG_value=
ac_cv_env_build_alias_set=
ac_cv_env_build_alias_value=
ac_cv_env_host_alias_set=
ac_cv_env_host_alias_value=
ac_cv_env_target_alias_set=
ac_cv_env_target_alias_value=
ac_cv_header_stdc=yes
ac_cv_lib_cposix_strerror=no
ac_cv_objext=o
ac_cv_path_EGREP='/usr/bin/grep -E'
ac_cv_path_GREP=/usr/bin/grep
ac_cv_path_PYTHON=/usr/pkg/bin/python
ac_cv_path_ac_pt_PKG_CONFIG=/usr/pkg/bin/pkg-config
ac_cv_path_install='/usr/bin/install -c'
ac_cv_prog_AWK=gawk
ac_cv_prog_CPP='gcc -E'
ac_cv_prog_ac_ct_CC=gcc
ac_cv_prog_cc_c89=
ac_cv_prog_cc_g=yes
ac_cv_prog_make_make_set=yes
am_cv_CC_dependencies_compiler_type=gcc3
am_cv_pathless_PYTHON=python
am_cv_prog_cc_stdc=
am_cv_python_platform=netbsd5
am_cv_python_pyexecdir='${exec_prefix}/lib/python2.6/site-packages'
am_cv_python_pythondir='${prefix}/lib/python2.6/site-packages'
am_cv_python_version=2.6
gdu_cv_have_gdu=yes
gdu_cv_version_required=0.3.2
pkg_cv_PKGSRC_APPLET_CFLAGS='-pthread -I/usr/pkg/include/pygtk-2.0 -I/usr/pkg/include/glib/glib-2.0 -I/usr/pkg/lib/glib-2.0/include -I/usr/pkg/include/gnome-python-2.0  '
pkg_cv_PKGSRC_APPLET_LIBS='-Wl,-R/usr/pkg/lib -pthread -L/usr/pkg/lib -lgobject-2.0 -lgthread-2.0 -lglib-2.0 -lintl  '

## ----------------- ##
## Output variables. ##
## ----------------- ##

ACLOCAL='${SHELL} /home/haysmz/Project/pkgsrc-applet/missing --run aclocal-1.11'
AMDEPBACKSLASH='\'
AMDEP_FALSE='#'
AMDEP_TRUE=''
AMTAR='${SHELL} /home/haysmz/Project/pkgsrc-applet/missing --run tar'
AUTOCONF='${SHELL} /home/haysmz/Project/pkgsrc-applet/missing --run autoconf'
AUTOHEADER='${SHELL} /home/haysmz/Project/pkgsrc-applet/missing --run autoheader'
AUTOMAKE='${SHELL} /home/haysmz/Project/pkgsrc-applet/missing --run automake-1.11'
AWK='gawk'
CC='gcc'
CCDEPMODE='depmode=gcc3'
CFLAGS='-g -O2'
CPP='gcc -E'
CPPFLAGS=''
CYGPATH_W='echo'
DEFS='-DPACKAGE_NAME=\"pkgsrc_applet\" -DPACKAGE_TARNAME=\"pkgsrc_applet\" -DPACKAGE_VERSION=\"0.1\" -DPACKAGE_STRING=\"pkgsrc_applet\ 0.1\" -DPACKAGE_BUGREPORT=\"\" -DPACKAGE_URL=\"\" -DPACKAGE=\"pkgsrc_applet\" -DVERSION=\"0.1\" -DSTDC_HEADERS=1'
DEPDIR='.deps'
DISTCHECK_CONFIGURE_FLAGS='--disable-scrollkeeper '
DOC_USER_FORMATS=''
ECHO_C=''
ECHO_N='-n'
ECHO_T=''
EGREP='/usr/bin/grep -E'
ENABLE_SK_FALSE='#'
ENABLE_SK_TRUE=''
EXEEXT=''
GREP='/usr/bin/grep'
HAVE_GNOME_DOC_UTILS_FALSE='#'
HAVE_GNOME_DOC_UTILS_TRUE=''
HELP_DIR='${datadir}/gnome/help'
INSTALL_DATA='${INSTALL} -m 644'
INSTALL_PROGRAM='${INSTALL}'
INSTALL_SCRIPT='${INSTALL}'
INSTALL_STRIP_PROGRAM='$(install_sh) -c -s'
LDFLAGS=''
LIBOBJS=''
LIBS=''
LN_S='ln -s'
LTLIBOBJS=''
MAINT='#'
MAINTAINER_MODE_FALSE=''
MAINTAINER_MODE_TRUE='#'
MAKEINFO='${SHELL} /home/haysmz/Project/pkgsrc-applet/missing --run makeinfo'
MKDIR_P='./install-sh -c -d'
OBJEXT='o'
OMF_DIR='${datadir}/omf'
PACKAGE='pkgsrc_applet'
PACKAGE_BUGREPORT=''
PACKAGE_NAME='pkgsrc_applet'
PACKAGE_STRING='pkgsrc_applet 0.1'
PACKAGE_TARNAME='pkgsrc_applet'
PACKAGE_URL=''
PACKAGE_VERSION='0.1'
PATH_SEPARATOR=':'
PKGSRC_APPLET_CFLAGS='-pthread -I/usr/pkg/include/pygtk-2.0 -I/usr/pkg/include/glib/glib-2.0 -I/usr/pkg/lib/glib-2.0/include -I/usr/pkg/include/gnome-python-2.0  '
PKGSRC_APPLET_LIBS='-Wl,-R/usr/pkg/lib -pthread -L/usr/pkg/lib -lgobject-2.0 -lgthread-2.0 -lglib-2.0 -lintl  '
PKG_CONFIG='/usr/pkg/bin/pkg-config'
PYGTK_CFLAGS=''
PYGTK_DEFS='/usr/pkg/share/pygtk/2.0/defs'
PYGTK_LIBS=''
PYTHON='/usr/pkg/bin/python'
PYTHON_EXEC_PREFIX='${exec_prefix}'
PYTHON_PLATFORM='netbsd5'
PYTHON_PREFIX='${prefix}'
PYTHON_VERSION='2.6'
SET_MAKE=''
SHELL='/bin/ksh'
STRIP=''
VERSION='0.1'
ac_ct_CC='gcc'
am__EXEEXT_FALSE=''
am__EXEEXT_TRUE='#'
am__fastdepCC_FALSE='#'
am__fastdepCC_TRUE=''
am__include='include'
am__isrc=''
am__leading_dot='.'
am__quote=''
am__tar='${AMTAR} chof - "$$tardir"'
am__untar='${AMTAR} xf -'
bindir='${exec_prefix}/bin'
build_alias=''
datadir='${datarootdir}'
datarootdir='${prefix}/share'
docdir='${datarootdir}/doc/${PACKAGE_TARNAME}'
dvidir='${docdir}'
exec_prefix='${prefix}'
host_alias=''
htmldir='${docdir}'
includedir='${prefix}/include'
infodir='${datarootdir}/info'
install_sh='${SHELL} /home/haysmz/Project/pkgsrc-applet/install-sh'
libdir='${exec_prefix}/lib'
libexecdir='${exec_prefix}/libexec'
localedir='${datarootdir}/locale'
localstatedir='${prefix}/var'
mandir='${datarootdir}/man'
mkdir_p='$(top_builddir)/./install-sh -c -d'
oldincludedir='/usr/include'
pdfdir='${docdir}'
pkgpyexecdir='${pyexecdir}/pkgsrc_applet'
pkgpythondir='${pythondir}/pkgsrc_applet'
prefix='/usr/pkg'
program_transform_name='s,x,x,'
psdir='${docdir}'
pyexecdir='${exec_prefix}/lib/python2.6/site-packages'
pythondir='${prefix}/lib/python2.6/site-packages'
sbindir='${exec_prefix}/sbin'
sharedstatedir='${prefix}/com'
sysconfdir='${prefix}/etc'
target_alias=''

## ----------- ##
## confdefs.h. ##
## ----------- ##

/* confdefs.h */
#define PACKAGE_NAME "pkgsrc_applet"
#define PACKAGE_TARNAME "pkgsrc_applet"
#define PACKAGE_VERSION "0.1"
#define PACKAGE_STRING "pkgsrc_applet 0.1"
#define PACKAGE_BUGREPORT ""
#define PACKAGE_URL ""
#define PACKAGE "pkgsrc_applet"
#define VERSION "0.1"
#define STDC_HEADERS 1

configure: exit 0
